<?xml version="1.0" encoding="UTF-8"?>
<!-- Generated by org.testng.reporters.JUnitReportReporter -->
<testsuite hostname="Itctesting03" failures="0" tests="13" name="testngs.bookings" time="111.933" errors="0" timestamp="7 Jul 2022 10:03:51 GMT">
  <testcase classname="testngs.bookings" name="bk4" time="7.623"/>
  <testcase classname="testngs.bookings" name="bk8" time="6.732"/>
  <testcase classname="testngs.bookings" name="bk9" time="7.339"/>
  <testcase classname="testngs.bookings" name="bk10" time="6.067"/>
  <testcase classname="testngs.bookings" name="bk12" time="6.444"/>
  <testcase classname="testngs.bookings" name="bk11" time="7.202"/>
  <testcase classname="testngs.bookings" name="bk3" time="9.458"/>
  <testcase classname="testngs.bookings" name="bk7" time="6.401"/>
  <testcase classname="testngs.bookings" name="bk5" time="6.709"/>
  <testcase classname="testngs.bookings" name="bk6" time="8.000"/>
  <testcase classname="testngs.bookings" name="bk13" time="7.228"/>
  <testcase classname="testngs.bookings" name="bk2" time="7.911"/>
  <testcase classname="testngs.bookings" name="bk1" time="24.819"/>
</testsuite> <!-- testngs.bookings -->
