<?xml version="1.0" encoding="UTF-8"?>
<!-- Generated by org.testng.reporters.JUnitReportReporter -->
<testsuite hostname="Itctesting16" failures="0" tests="1" name="registerpage.Register" time="5.690" errors="0" timestamp="2022-06-26T13:45:50 GMT+05:30" skipped="0">
  <testcase classname="registerpage.Register" name="reg" time="5.690"/>
  <system-out/>
</testsuite> <!-- registerpage.Register -->
