<?xml version="1.0" encoding="UTF-8"?>
<!-- Generated by org.testng.reporters.JUnitReportReporter -->
<testsuite hostname="Itctesting16" failures="0" tests="1" name="TestNGdemo.NewTest" time="6.104" errors="0" timestamp="2022-06-26T13:00:41 GMT+05:30" skipped="0">
  <testcase classname="TestNGdemo.NewTest" name="tstmd" time="6.104"/>
  <system-out/>
</testsuite> <!-- TestNGdemo.NewTest -->
