<?xml version="1.0" encoding="UTF-8"?>
<!-- Generated by org.testng.reporters.JUnitReportReporter -->
<testsuite hostname="Itctesting16" failures="0" tests="3" name="rehubaTestcases.testcases" time="11.281" errors="0" timestamp="2022-06-26T21:25:24 GMT+05:30" skipped="0">
  <testcase classname="rehubaTestcases.testcases" name="login" time="1.980"/>
  <system-out/>
  <testcase classname="rehubaTestcases.testcases" name="reg" time="4.042"/>
  <system-out/>
  <testcase classname="rehubaTestcases.testcases" name="booking" time="5.259"/>
  <system-out/>
</testsuite> <!-- rehubaTestcases.testcases -->
